--------------------------------------------------------------------------------
Lattice Synthesis Timing Report, Version  
Sat Jan  1 20:59:35 2022

Copyright (c) 1991-1994 by NeoCAD Inc. All rights reserved.
Copyright (c) 1995 AT&T Corp.   All rights reserved.
Copyright (c) 1995-2001 Lucent Technologies Inc.  All rights reserved.
Copyright (c) 2001 Agere Systems   All rights reserved.
Copyright (c) 2002-2020 Lattice Semiconductor Corporation,  All rights reserved.

Report Information
------------------
Design:     top
Constraint file:  
Report level:    verbose report, limited to 3 items per constraint
--------------------------------------------------------------------------------



================================================================================
Constraint: create_clock -period 5.000000 -name clk0 [get_nets clk]
            348 items scored, 76 timing errors detected.
--------------------------------------------------------------------------------


Error:  The following path violates requirements by 0.258ns

 Logical Details:  Cell type  Pin type       Cell name  (clock net +/-)

   Source:         FD1S3IX    CK             count_43__i6  (from clk +)
   Destination:    FD1P3AY    SP             s_enc_i2  (to clk +)

   Delay:                   5.022ns  (31.7% logic, 68.3% route), 4 logic levels.

 Constraint Details:

      5.022ns data_path count_43__i6 to s_enc_i2 violates
      5.000ns delay constraint less
      0.236ns LCE_S requirement (totaling 4.764ns) by 0.258ns

 Path Details: count_43__i6 to s_enc_i2

   Name    Fanout   Delay (ns)          Pins               Resource(Cell.Net)
L_CO        ---     0.367             CK to Q              count_43__i6 (from clk)
Route         2   e 0.838                                  count[6]
LUT4        ---     0.408              A to Z              i3_4_lut
Route         1   e 0.660                                  n196
LUT4        ---     0.408              A to Z              i3_4_lut_adj_2
Route         1   e 0.660                                  n195
LUT4        ---     0.408              C to Z              i99_4_lut
Route        19   e 1.273                                  clk_enable_3
                  --------
                    5.022  (31.7% logic, 68.3% route), 4 logic levels.


Error:  The following path violates requirements by 0.258ns

 Logical Details:  Cell type  Pin type       Cell name  (clock net +/-)

   Source:         FD1S3IX    CK             count_43__i6  (from clk +)
   Destination:    FD1P3AX    SP             s_enc_i1  (to clk +)

   Delay:                   5.022ns  (31.7% logic, 68.3% route), 4 logic levels.

 Constraint Details:

      5.022ns data_path count_43__i6 to s_enc_i1 violates
      5.000ns delay constraint less
      0.236ns LCE_S requirement (totaling 4.764ns) by 0.258ns

 Path Details: count_43__i6 to s_enc_i1

   Name    Fanout   Delay (ns)          Pins               Resource(Cell.Net)
L_CO        ---     0.367             CK to Q              count_43__i6 (from clk)
Route         2   e 0.838                                  count[6]
LUT4        ---     0.408              A to Z              i3_4_lut
Route         1   e 0.660                                  n196
LUT4        ---     0.408              A to Z              i3_4_lut_adj_2
Route         1   e 0.660                                  n195
LUT4        ---     0.408              C to Z              i99_4_lut
Route        19   e 1.273                                  clk_enable_3
                  --------
                    5.022  (31.7% logic, 68.3% route), 4 logic levels.


Error:  The following path violates requirements by 0.258ns

 Logical Details:  Cell type  Pin type       Cell name  (clock net +/-)

   Source:         FD1S3IX    CK             count_43__i6  (from clk +)
   Destination:    FD1P3AX    SP             s_enc_i0  (to clk +)

   Delay:                   5.022ns  (31.7% logic, 68.3% route), 4 logic levels.

 Constraint Details:

      5.022ns data_path count_43__i6 to s_enc_i0 violates
      5.000ns delay constraint less
      0.236ns LCE_S requirement (totaling 4.764ns) by 0.258ns

 Path Details: count_43__i6 to s_enc_i0

   Name    Fanout   Delay (ns)          Pins               Resource(Cell.Net)
L_CO        ---     0.367             CK to Q              count_43__i6 (from clk)
Route         2   e 0.838                                  count[6]
LUT4        ---     0.408              A to Z              i3_4_lut
Route         1   e 0.660                                  n196
LUT4        ---     0.408              A to Z              i3_4_lut_adj_2
Route         1   e 0.660                                  n195
LUT4        ---     0.408              C to Z              i99_4_lut
Route        19   e 1.273                                  clk_enable_3
                  --------
                    5.022  (31.7% logic, 68.3% route), 4 logic levels.

Warning: 5.258 ns is the maximum delay for this constraint.


Timing Report Summary
--------------
--------------------------------------------------------------------------------
Constraint                              |   Constraint|       Actual|Levels
--------------------------------------------------------------------------------
                                        |             |             |
create_clock -period 5.000000 -name     |             |             |
clk0 [get_nets clk]                     |     5.000 ns|     5.258 ns|     4 *
                                        |             |             |
--------------------------------------------------------------------------------


1 constraints not met.

--------------------------------------------------------------------------------
Critical Nets                           |   Loads|  Errors| % of total
--------------------------------------------------------------------------------
clk_enable_3                            |      19|      76|     99.00%
                                        |        |        |
n195                                    |       1|      76|     99.00%
                                        |        |        |
n196                                    |       1|      76|     99.00%
                                        |        |        |
count[6]                                |       2|      19|     25.00%
                                        |        |        |
count[7]                                |       2|      19|     25.00%
                                        |        |        |
count[8]                                |       2|      19|     25.00%
                                        |        |        |
count[9]                                |       2|      19|     25.00%
                                        |        |        |
--------------------------------------------------------------------------------


Timing summary:
---------------

Timing errors: 76  Score: 13016

Constraints cover  348 paths, 53 nets, and 115 connections (89.1% coverage)


Peak memory: 209776640 bytes, TRCE: 823296 bytes, DLYMAN: 0 bytes
CPU_TIME_REPORT: 0 secs 
